{"contracts/INFT1155.sol":{"l":{},"path":"/home/crisol/nft-marketplace/contracts/INFT1155.sol","s":{},"b":{},"f":{},"fnMap":{},"statementMap":{},"branchMap":{}},"contracts/Marketplace.sol":{"l":{"56":18,"57":18,"61":2,"62":2,"72":3,"73":3,"75":2,"83":2,"84":2,"85":2,"96":10,"97":10,"98":9,"99":8,"100":7,"101":6,"102":5,"113":5,"114":5,"115":5,"121":6,"122":5,"123":3,"124":3,"125":2,"126":2,"127":2,"129":0,"130":0,"131":0,"133":2,"139":2,"140":2,"141":0,"142":2,"148":18,"149":11,"151":1,"152":1,"153":1,"154":1,"155":1,"156":1,"158":0,"159":0,"160":0,"162":0,"163":0,"164":0,"168":6,"175":1,"176":1,"177":1,"178":1,"186":2,"188":2,"190":2,"191":1,"193":1,"194":1,"195":1,"196":1,"197":1,"198":1,"200":1,"201":1,"202":1,"204":1,"206":1,"211":1},"path":"/home/crisol/nft-marketplace/contracts/Marketplace.sol","s":{"1":18,"2":18,"3":2,"4":3,"5":3,"6":2,"7":2,"8":2,"9":10,"10":10,"11":9,"12":8,"13":7,"14":6,"15":5,"16":5,"17":5,"18":6,"19":5,"20":3,"21":3,"22":2,"23":2,"24":2,"25":0,"26":0,"27":0,"28":2,"29":2,"30":2,"31":0,"32":2,"33":18,"34":11,"35":7,"36":1,"37":1,"38":1,"39":1,"40":1,"41":1,"42":0,"43":0,"44":0,"45":0,"46":0,"47":0,"48":6,"49":1,"50":1,"51":1,"52":1,"53":2,"54":2,"55":2,"56":1,"57":1,"58":1,"59":1,"60":1,"61":1,"62":1,"63":1,"64":1,"65":1,"66":1,"67":1,"68":1},"b":{"1":[2,0],"2":[3,0],"3":[2,1],"4":[10,0],"5":[9,1],"6":[8,1],"7":[7,1],"8":[6,1],"9":[5,1],"10":[5,1],"11":[3,2],"12":[3,0],"13":[2,1],"14":[2,0],"15":[2,0],"16":[0,2],"17":[11,7],"18":[1,6],"19":[1,0],"20":[1,0],"21":[1,0],"22":[2,0],"23":[1,1],"24":[1,0],"25":[1,0]},"f":{"1":18,"2":2,"3":3,"4":10,"5":6,"6":2,"7":18,"8":1,"9":2,"10":1},"fnMap":{"1":{"name":"constructor","line":55,"loc":{"start":{"line":55,"column":2},"end":{"line":58,"column":2}}},"2":{"name":"onlyAuctioneer","line":60,"loc":{"start":{"line":60,"column":2},"end":{"line":63,"column":2}}},"3":{"name":"sell","line":71,"loc":{"start":{"line":71,"column":2},"end":{"line":86,"column":2}}},"4":{"name":"createAuction","line":95,"loc":{"start":{"line":95,"column":2},"end":{"line":116,"column":2}}},"5":{"name":"makeAbid","line":120,"loc":{"start":{"line":120,"column":2},"end":{"line":134,"column":2}}},"6":{"name":"cancelAuction","line":138,"loc":{"start":{"line":138,"column":2},"end":{"line":143,"column":2}}},"7":{"name":"checkStatus","line":147,"loc":{"start":{"line":147,"column":2},"end":{"line":169,"column":2}}},"8":{"name":"cancelOrder","line":174,"loc":{"start":{"line":174,"column":2},"end":{"line":179,"column":2}}},"9":{"name":"buy","line":185,"loc":{"start":{"line":185,"column":2},"end":{"line":207,"column":2}}},"10":{"name":"getCurrentAuction","line":210,"loc":{"start":{"line":210,"column":2},"end":{"line":212,"column":2}}}},"statementMap":{"1":{"start":{"line":56,"column":4},"end":{"line":56,"column":44}},"2":{"start":{"line":57,"column":4},"end":{"line":57,"column":17}},"3":{"start":{"line":61,"column":4},"end":{"line":61,"column":58}},"4":{"start":{"line":72,"column":4},"end":{"line":72,"column":94}},"5":{"start":{"line":73,"column":4},"end":{"line":73,"column":87}},"6":{"start":{"line":75,"column":4},"end":{"line":75,"column":1933}},"7":{"start":{"line":83,"column":4},"end":{"line":83,"column":29}},"8":{"start":{"line":84,"column":4},"end":{"line":84,"column":43}},"9":{"start":{"line":96,"column":4},"end":{"line":96,"column":101}},"10":{"start":{"line":97,"column":4},"end":{"line":97,"column":70}},"11":{"start":{"line":98,"column":4},"end":{"line":98,"column":96}},"12":{"start":{"line":99,"column":4},"end":{"line":99,"column":87}},"13":{"start":{"line":100,"column":4},"end":{"line":100,"column":74}},"14":{"start":{"line":101,"column":4},"end":{"line":101,"column":89}},"15":{"start":{"line":102,"column":4},"end":{"line":102,"column":3183}},"16":{"start":{"line":114,"column":4},"end":{"line":114,"column":40}},"17":{"start":{"line":115,"column":4},"end":{"line":115,"column":64}},"18":{"start":{"line":121,"column":4},"end":{"line":121,"column":78}},"19":{"start":{"line":122,"column":4},"end":{"line":122,"column":66}},"20":{"start":{"line":123,"column":4},"end":{"line":123,"column":83}},"21":{"start":{"line":124,"column":4},"end":{"line":124,"column":110}},"22":{"start":{"line":125,"column":4},"end":{"line":125,"column":4033}},"23":{"start":{"line":126,"column":4},"end":{"line":126,"column":47}},"24":{"start":{"line":127,"column":4},"end":{"line":127,"column":50}},"25":{"start":{"line":129,"column":6},"end":{"line":129,"column":95}},"26":{"start":{"line":130,"column":6},"end":{"line":130,"column":49}},"27":{"start":{"line":131,"column":6},"end":{"line":131,"column":52}},"28":{"start":{"line":133,"column":4},"end":{"line":133,"column":41}},"29":{"start":{"line":139,"column":2},"end":{"line":139,"column":36}},"30":{"start":{"line":140,"column":2},"end":{"line":140,"column":4702}},"31":{"start":{"line":141,"column":2},"end":{"line":141,"column":91}},"32":{"start":{"line":142,"column":2},"end":{"line":142,"column":45}},"33":{"start":{"line":148,"column":4},"end":{"line":148,"column":4928}},"34":{"start":{"line":149,"column":6},"end":{"line":149,"column":24}},"35":{"start":{"line":150,"column":11},"end":{"line":150,"column":5016}},"36":{"start":{"line":151,"column":6},"end":{"line":151,"column":5079}},"37":{"start":{"line":152,"column":8},"end":{"line":152,"column":5163}},"38":{"start":{"line":153,"column":8},"end":{"line":153,"column":98}},"39":{"start":{"line":154,"column":8},"end":{"line":154,"column":180}},"40":{"start":{"line":155,"column":12},"end":{"line":155,"column":54}},"41":{"start":{"line":156,"column":6},"end":{"line":156,"column":24}},"42":{"start":{"line":158,"column":7},"end":{"line":158,"column":96}},"43":{"start":{"line":159,"column":6},"end":{"line":159,"column":48}},"44":{"start":{"line":160,"column":6},"end":{"line":160,"column":24}},"45":{"start":{"line":162,"column":8},"end":{"line":162,"column":28}},"46":{"start":{"line":163,"column":8},"end":{"line":163,"column":50}},"47":{"start":{"line":164,"column":8},"end":{"line":164,"column":26}},"48":{"start":{"line":168,"column":4},"end":{"line":168,"column":27}},"49":{"start":{"line":175,"column":4},"end":{"line":175,"column":42}},"50":{"start":{"line":176,"column":4},"end":{"line":176,"column":60}},"51":{"start":{"line":177,"column":4},"end":{"line":177,"column":23}},"52":{"start":{"line":178,"column":4},"end":{"line":178,"column":52}},"53":{"start":{"line":186,"column":4},"end":{"line":186,"column":42}},"54":{"start":{"line":188,"column":4},"end":{"line":188,"column":42}},"55":{"start":{"line":190,"column":4},"end":{"line":190,"column":44}},"56":{"start":{"line":191,"column":4},"end":{"line":191,"column":59}},"57":{"start":{"line":193,"column":4},"end":{"line":193,"column":36}},"58":{"start":{"line":194,"column":4},"end":{"line":194,"column":84}},"59":{"start":{"line":195,"column":4},"end":{"line":195,"column":40}},"60":{"start":{"line":196,"column":4},"end":{"line":196,"column":53}},"61":{"start":{"line":197,"column":4},"end":{"line":197,"column":46}},"62":{"start":{"line":198,"column":4},"end":{"line":198,"column":23}},"63":{"start":{"line":200,"column":4},"end":{"line":200,"column":38}},"64":{"start":{"line":201,"column":4},"end":{"line":201,"column":44}},"65":{"start":{"line":202,"column":4},"end":{"line":202,"column":38}},"66":{"start":{"line":204,"column":4},"end":{"line":204,"column":94}},"67":{"start":{"line":206,"column":4},"end":{"line":206,"column":49}},"68":{"start":{"line":211,"column":4},"end":{"line":211,"column":35}}},"branchMap":{"1":{"line":61,"type":"if","locations":[{"start":{"line":61,"column":4},"end":{"line":61,"column":4}},{"start":{"line":61,"column":4},"end":{"line":61,"column":4}}]},"2":{"line":72,"type":"if","locations":[{"start":{"line":72,"column":4},"end":{"line":72,"column":4}},{"start":{"line":72,"column":4},"end":{"line":72,"column":4}}]},"3":{"line":73,"type":"if","locations":[{"start":{"line":73,"column":4},"end":{"line":73,"column":4}},{"start":{"line":73,"column":4},"end":{"line":73,"column":4}}]},"4":{"line":96,"type":"if","locations":[{"start":{"line":96,"column":4},"end":{"line":96,"column":4}},{"start":{"line":96,"column":4},"end":{"line":96,"column":4}}]},"5":{"line":97,"type":"if","locations":[{"start":{"line":97,"column":4},"end":{"line":97,"column":4}},{"start":{"line":97,"column":4},"end":{"line":97,"column":4}}]},"6":{"line":98,"type":"if","locations":[{"start":{"line":98,"column":4},"end":{"line":98,"column":4}},{"start":{"line":98,"column":4},"end":{"line":98,"column":4}}]},"7":{"line":99,"type":"if","locations":[{"start":{"line":99,"column":4},"end":{"line":99,"column":4}},{"start":{"line":99,"column":4},"end":{"line":99,"column":4}}]},"8":{"line":100,"type":"if","locations":[{"start":{"line":100,"column":4},"end":{"line":100,"column":4}},{"start":{"line":100,"column":4},"end":{"line":100,"column":4}}]},"9":{"line":101,"type":"if","locations":[{"start":{"line":101,"column":4},"end":{"line":101,"column":4}},{"start":{"line":101,"column":4},"end":{"line":101,"column":4}}]},"10":{"line":121,"type":"if","locations":[{"start":{"line":121,"column":4},"end":{"line":121,"column":4}},{"start":{"line":121,"column":4},"end":{"line":121,"column":4}}]},"11":{"line":122,"type":"if","locations":[{"start":{"line":122,"column":4},"end":{"line":122,"column":4}},{"start":{"line":122,"column":4},"end":{"line":122,"column":4}}]},"12":{"line":123,"type":"if","locations":[{"start":{"line":123,"column":4},"end":{"line":123,"column":4}},{"start":{"line":123,"column":4},"end":{"line":123,"column":4}}]},"13":{"line":124,"type":"if","locations":[{"start":{"line":124,"column":4},"end":{"line":124,"column":4}},{"start":{"line":124,"column":4},"end":{"line":124,"column":4}}]},"14":{"line":125,"type":"if","locations":[{"start":{"line":125,"column":4},"end":{"line":125,"column":4}},{"start":{"line":125,"column":4},"end":{"line":125,"column":4}}]},"15":{"line":139,"type":"if","locations":[{"start":{"line":139,"column":2},"end":{"line":139,"column":2}},{"start":{"line":139,"column":2},"end":{"line":139,"column":2}}]},"16":{"line":140,"type":"if","locations":[{"start":{"line":140,"column":2},"end":{"line":140,"column":2}},{"start":{"line":140,"column":2},"end":{"line":140,"column":2}}]},"17":{"line":148,"type":"if","locations":[{"start":{"line":148,"column":4},"end":{"line":148,"column":4}},{"start":{"line":148,"column":4},"end":{"line":148,"column":4}}]},"18":{"line":150,"type":"if","locations":[{"start":{"line":150,"column":11},"end":{"line":150,"column":11}},{"start":{"line":150,"column":11},"end":{"line":150,"column":11}}]},"19":{"line":151,"type":"if","locations":[{"start":{"line":151,"column":6},"end":{"line":151,"column":6}},{"start":{"line":151,"column":6},"end":{"line":151,"column":6}}]},"20":{"line":152,"type":"if","locations":[{"start":{"line":152,"column":8},"end":{"line":152,"column":8}},{"start":{"line":152,"column":8},"end":{"line":152,"column":8}}]},"21":{"line":176,"type":"if","locations":[{"start":{"line":176,"column":4},"end":{"line":176,"column":4}},{"start":{"line":176,"column":4},"end":{"line":176,"column":4}}]},"22":{"line":186,"type":"if","locations":[{"start":{"line":186,"column":4},"end":{"line":186,"column":4}},{"start":{"line":186,"column":4},"end":{"line":186,"column":4}}]},"23":{"line":190,"type":"if","locations":[{"start":{"line":190,"column":4},"end":{"line":190,"column":4}},{"start":{"line":190,"column":4},"end":{"line":190,"column":4}}]},"24":{"line":191,"type":"if","locations":[{"start":{"line":191,"column":4},"end":{"line":191,"column":4}},{"start":{"line":191,"column":4},"end":{"line":191,"column":4}}]},"25":{"line":193,"type":"if","locations":[{"start":{"line":193,"column":4},"end":{"line":193,"column":4}},{"start":{"line":193,"column":4},"end":{"line":193,"column":4}}]}}},"contracts/NFT1155.sol":{"l":{"30":12,"31":12,"35":21,"36":21,"37":21,"41":0,"45":0,"49":1,"53":0,"55":0,"62":10,"64":10,"65":10,"69":10,"70":10,"71":10,"72":10,"79":2,"80":2,"87":1},"path":"/home/crisol/nft-marketplace/contracts/NFT1155.sol","s":{"1":12,"2":21,"3":21,"4":21,"5":0,"6":0,"7":1,"8":0,"9":0,"10":10,"11":10,"12":10,"13":10,"14":10,"15":10,"16":2,"17":2,"18":1},"b":{"1":[12,0],"2":[0,0]},"f":{"1":12,"2":21,"3":0,"4":0,"5":1,"6":0,"7":10,"8":2,"9":1},"fnMap":{"1":{"name":"onlyOwner","line":29,"loc":{"start":{"line":29,"column":4},"end":{"line":32,"column":4}}},"2":{"name":"constructor","line":34,"loc":{"start":{"line":34,"column":4},"end":{"line":38,"column":4}}},"3":{"name":"contractURI","line":40,"loc":{"start":{"line":40,"column":4},"end":{"line":42,"column":4}}},"4":{"name":"owner","line":44,"loc":{"start":{"line":44,"column":4},"end":{"line":46,"column":4}}},"5":{"name":"getTokenData","line":48,"loc":{"start":{"line":48,"column":4},"end":{"line":50,"column":4}}},"6":{"name":"getOwnerContent","line":52,"loc":{"start":{"line":52,"column":4},"end":{"line":56,"column":4}}},"7":{"name":"mintNew","line":61,"loc":{"start":{"line":61,"column":4},"end":{"line":73,"column":4}}},"8":{"name":"burnIt","line":78,"loc":{"start":{"line":78,"column":4},"end":{"line":81,"column":4}}},"9":{"name":"uri","line":86,"loc":{"start":{"line":86,"column":4},"end":{"line":88,"column":4}}}},"statementMap":{"1":{"start":{"line":30,"column":8},"end":{"line":30,"column":80}},"2":{"start":{"line":35,"column":8},"end":{"line":35,"column":49}},"3":{"start":{"line":36,"column":8},"end":{"line":36,"column":27}},"4":{"start":{"line":37,"column":8},"end":{"line":37,"column":70}},"5":{"start":{"line":41,"column":8},"end":{"line":41,"column":27}},"6":{"start":{"line":45,"column":8},"end":{"line":45,"column":51}},"7":{"start":{"line":49,"column":8},"end":{"line":49,"column":34}},"8":{"start":{"line":53,"column":8},"end":{"line":53,"column":73}},"9":{"start":{"line":55,"column":8},"end":{"line":55,"column":37}},"10":{"start":{"line":62,"column":8},"end":{"line":62,"column":40}},"11":{"start":{"line":64,"column":8},"end":{"line":64,"column":32}},"12":{"start":{"line":65,"column":8},"end":{"line":65,"column":1937}},"13":{"start":{"line":69,"column":8},"end":{"line":69,"column":39}},"14":{"start":{"line":70,"column":8},"end":{"line":70,"column":43}},"15":{"start":{"line":72,"column":8},"end":{"line":72,"column":20}},"16":{"start":{"line":79,"column":8},"end":{"line":79,"column":40}},"17":{"start":{"line":80,"column":8},"end":{"line":80,"column":49}},"18":{"start":{"line":87,"column":8},"end":{"line":87,"column":70}}},"branchMap":{"1":{"line":30,"type":"if","locations":[{"start":{"line":30,"column":8},"end":{"line":30,"column":8}},{"start":{"line":30,"column":8},"end":{"line":30,"column":8}}]},"2":{"line":53,"type":"if","locations":[{"start":{"line":53,"column":8},"end":{"line":53,"column":8}},{"start":{"line":53,"column":8},"end":{"line":53,"column":8}}]}}}}