TN:
SF:/home/crisol/nft-marketplace/contracts/INFT1155.sol
FNF:0
FNH:0
LF:0
LH:0
BRF:0
BRH:0
end_of_record
TN:
SF:/home/crisol/nft-marketplace/contracts/Marketplace.sol
FN:55,constructor
FN:60,onlyAuctioneer
FN:71,sell
FN:95,createAuction
FN:120,makeAbid
FN:138,cancelAuction
FN:147,checkStatus
FN:174,cancelOrder
FN:185,buy
FN:210,getCurrentAuction
FNF:10
FNH:10
FNDA:18,constructor
FNDA:2,onlyAuctioneer
FNDA:3,sell
FNDA:10,createAuction
FNDA:6,makeAbid
FNDA:2,cancelAuction
FNDA:18,checkStatus
FNDA:1,cancelOrder
FNDA:2,buy
FNDA:1,getCurrentAuction
DA:56,18
DA:57,18
DA:61,2
DA:62,2
DA:72,3
DA:73,3
DA:75,2
DA:83,2
DA:84,2
DA:85,2
DA:96,10
DA:97,10
DA:98,9
DA:99,8
DA:100,7
DA:101,6
DA:102,5
DA:113,5
DA:114,5
DA:115,5
DA:121,6
DA:122,5
DA:123,3
DA:124,3
DA:125,2
DA:126,2
DA:127,2
DA:129,0
DA:130,0
DA:131,0
DA:133,2
DA:139,2
DA:140,2
DA:141,0
DA:142,2
DA:148,18
DA:149,11
DA:151,1
DA:152,1
DA:153,1
DA:154,1
DA:155,1
DA:156,1
DA:158,0
DA:159,0
DA:160,0
DA:162,0
DA:163,0
DA:164,0
DA:168,6
DA:175,1
DA:176,1
DA:177,1
DA:178,1
DA:186,2
DA:188,2
DA:190,2
DA:191,1
DA:193,1
DA:194,1
DA:195,1
DA:196,1
DA:197,1
DA:198,1
DA:200,1
DA:201,1
DA:202,1
DA:204,1
DA:206,1
DA:211,1
LF:70
LH:60
BRDA:61,1,0,2
BRDA:61,1,1,0
BRDA:72,2,0,3
BRDA:72,2,1,0
BRDA:73,3,0,2
BRDA:73,3,1,1
BRDA:96,4,0,10
BRDA:96,4,1,0
BRDA:97,5,0,9
BRDA:97,5,1,1
BRDA:98,6,0,8
BRDA:98,6,1,1
BRDA:99,7,0,7
BRDA:99,7,1,1
BRDA:100,8,0,6
BRDA:100,8,1,1
BRDA:101,9,0,5
BRDA:101,9,1,1
BRDA:121,10,0,5
BRDA:121,10,1,1
BRDA:122,11,0,3
BRDA:122,11,1,2
BRDA:123,12,0,3
BRDA:123,12,1,0
BRDA:124,13,0,2
BRDA:124,13,1,1
BRDA:125,14,0,2
BRDA:125,14,1,0
BRDA:139,15,0,2
BRDA:139,15,1,0
BRDA:140,16,0,0
BRDA:140,16,1,2
BRDA:148,17,0,11
BRDA:148,17,1,7
BRDA:150,18,0,1
BRDA:150,18,1,6
BRDA:151,19,0,1
BRDA:151,19,1,0
BRDA:152,20,0,1
BRDA:152,20,1,0
BRDA:176,21,0,1
BRDA:176,21,1,0
BRDA:186,22,0,2
BRDA:186,22,1,0
BRDA:190,23,0,1
BRDA:190,23,1,1
BRDA:191,24,0,1
BRDA:191,24,1,0
BRDA:193,25,0,1
BRDA:193,25,1,0
BRF:50
BRH:37
end_of_record
TN:
SF:/home/crisol/nft-marketplace/contracts/NFT1155.sol
FN:29,onlyOwner
FN:34,constructor
FN:40,contractURI
FN:44,owner
FN:48,getTokenData
FN:52,getOwnerContent
FN:61,mintNew
FN:78,burnIt
FN:86,uri
FNF:9
FNH:6
FNDA:12,onlyOwner
FNDA:21,constructor
FNDA:0,contractURI
FNDA:0,owner
FNDA:1,getTokenData
FNDA:0,getOwnerContent
FNDA:10,mintNew
FNDA:2,burnIt
FNDA:1,uri
DA:30,12
DA:31,12
DA:35,21
DA:36,21
DA:37,21
DA:41,0
DA:45,0
DA:49,1
DA:53,0
DA:55,0
DA:62,10
DA:64,10
DA:65,10
DA:69,10
DA:70,10
DA:71,10
DA:72,10
DA:79,2
DA:80,2
DA:87,1
LF:20
LH:16
BRDA:30,1,0,12
BRDA:30,1,1,0
BRDA:53,2,0,0
BRDA:53,2,1,0
BRF:4
BRH:1
end_of_record
